<?xml version="1.0" encoding="UTF-8"?>
<testng-results skipped="0" failed="0" ignored="0" total="1" passed="1">
  <reporter-output>
  </reporter-output>
  <suite name="Suite" duration-ms="46" started-at="2017-01-15T03:41:20Z" finished-at="2017-01-15T03:41:20Z">
    <groups>
    </groups>
    <test name="Test" duration-ms="46" started-at="2017-01-15T03:41:20Z" finished-at="2017-01-15T03:41:20Z">
      <class name="testerBatch.demo">
        <test-method status="PASS" signature="testLogin()[pri:0, instance:testerBatch.demo@1ef7fe8e]" name="testLogin" duration-ms="10" started-at="2017-01-15T09:11:20Z" finished-at="2017-01-15T09:11:20Z">
          <reporter-output>
          </reporter-output>
        </test-method> <!-- testLogin -->
      </class> <!-- testerBatch.demo -->
    </test> <!-- Test -->
  </suite> <!-- Suite -->
</testng-results>
